"r","3","C:\Users\xajwo\AppData\Local\Programs\Python\Python310\python.exe C:/Users/xajwo/Documents/CS1400/Houston-Annie-Assn2/task1.py ",,"PythonRunner",,"1663201909831","task1.py"
"o","3",,"
Process finished with exit code 0
",,"system","1663201926897",
"r","4","C:\Users\xajwo\AppData\Local\Programs\Python\Python310\python.exe C:/Users/xajwo/Documents/CS1400/Houston-Annie-Assn2/task1.py ",,"PythonRunner",,"1663201989713","task1.py"
"o","4",,"
Process finished with exit code 0
",,"system","1663201996935",
"r","5","C:\Users\xajwo\AppData\Local\Programs\Python\Python310\python.exe C:/Users/xajwo/Documents/CS1400/Houston-Annie-Assn2/task1.py ",,"PythonRunner",,"1663202047153","task1.py"
"o","5",,"
Process finished with exit code 0
",,"system","1663202052227",
"r","6","C:\Users\xajwo\AppData\Local\Programs\Python\Python310\python.exe C:/Users/xajwo/Documents/CS1400/Houston-Annie-Assn2/task1.py ",,"PythonRunner",,"1663202069060","task1.py"
"o","6",,"
Process finished with exit code 0
",,"system","1663202087671",
"r","7","C:\Users\xajwo\AppData\Local\Programs\Python\Python310\python.exe C:/Users/xajwo/Documents/CS1400/Houston-Annie-Assn2/task1.py ",,"PythonRunner",,"1663202155644","task1.py"
"o","7",,"
Process finished with exit code 0
",,"system","1663202167033",
"r","8","C:\Users\xajwo\AppData\Local\Programs\Python\Python310\python.exe C:/Users/xajwo/Documents/CS1400/Houston-Annie-Assn2/task1.py ",,"PythonRunner",,"1663202184490","task1.py"
"o","8",,"
Process finished with exit code 0
",,"system","1663202192500",
"r","9","C:\Users\xajwo\AppData\Local\Programs\Python\Python310\python.exe C:/Users/xajwo/Documents/CS1400/Houston-Annie-Assn2/task1.py ",,"PythonRunner",,"1663202212610","task1.py"
"o","9",,"
Process finished with exit code 0
",,"system","1663202238756",
"r","10","C:\Users\xajwo\AppData\Local\Programs\Python\Python310\python.exe C:/Users/xajwo/Documents/CS1400/Houston-Annie-Assn2/task1.py ",,"PythonRunner",,"1663202343999","task1.py"
"o","10",,"
Process finished with exit code 0
",,"system","1663202355213",
"r","11","C:\Users\xajwo\AppData\Local\Programs\Python\Python310\python.exe C:/Users/xajwo/Documents/CS1400/Houston-Annie-Assn2/task1.py ",,"PythonRunner",,"1663202468224","task1.py"
"o","11",,"
Process finished with exit code 0
",,"system","1663202497934",
"r","12","C:\Users\xajwo\AppData\Local\Programs\Python\Python310\python.exe C:/Users/xajwo/Documents/CS1400/Houston-Annie-Assn2/task1.py ",,"PythonRunner",,"1663202555556","task1.py"
"o","12",,"
Process finished with exit code 0
",,"system","1663202566630",
"r","13","C:\Users\xajwo\AppData\Local\Programs\Python\Python310\python.exe C:/Users/xajwo/Documents/CS1400/Houston-Annie-Assn2/task1.py ",,"PythonRunner",,"1663202700152","task1.py"
"o","13",,"
Process finished with exit code 0
",,"system","1663202711909",
"r","14","C:\Users\xajwo\AppData\Local\Programs\Python\Python310\python.exe C:/Users/xajwo/Documents/CS1400/Houston-Annie-Assn2/task1.py ",,"PythonRunner",,"1663202783778","task1.py"
"o","14",,"Traceback (most recent call last):
",,"stderr","1663202791251",
"o","14",,"  File ""C:\Users\xajwo\Documents\CS1400\Houston-Annie-Assn2\task1.py"", line 33, in <module>
",,"stderr","1663202791251",
"o","14",,"    turtle.circle(45)
",,"stderr","1663202791269",
"o","14",,"  File ""<string>"", line 8, in circle
",,"stderr","1663202791269",
"o","14",,"  File ""C:\Users\xajwo\AppData\Local\Programs\Python\Python310\lib\turtle.py"", line 1993, in circle
",,"stderr","1663202791269",
"o","14",,"    self.speed(0)
",,"stderr","1663202791277",
"o","14",,"  File ""C:\Users\xajwo\AppData\Local\Programs\Python\Python310\lib\turtle.py"", line 2175, in speed
",,"stderr","1663202791277",
"o","14",,"    self.pen(speed=speed)
",,"stderr","1663202791284",
"o","14",,"  File ""C:\Users\xajwo\AppData\Local\Programs\Python\Python310\lib\turtle.py"", line 2460, in pen
",,"stderr","1663202791284",
"o","14",,"    self._update()
",,"stderr","1663202791286",
"o","14",,"  File ""C:\Users\xajwo\AppData\Local\Programs\Python\Python310\lib\turtle.py"", line 2661, in _update
",,"stderr","1663202791286",
"o","14",,"    self._update_data()
",,"stderr","1663202791293",
"o","14",,"  File ""C:\Users\xajwo\AppData\Local\Programs\Python\Python310\lib\turtle.py"", line 2647, in _update_data
",,"stderr","1663202791293",
"o","14",,"    self.screen._incrementudc()
",,"stderr","1663202791300",
"o","14",,"  File ""C:\Users\xajwo\AppData\Local\Programs\Python\Python310\lib\turtle.py"", line 1293, in _incrementudc
",,"stderr","1663202791300",
"o","14",,"    raise Terminator
",,"stderr","1663202791300",
"o","14",,"turtle.Terminator
",,"stderr","1663202791300",
"o","14",,"
Process finished with exit code 1
",,"system","1663202791332",
"r","15","C:\Users\xajwo\AppData\Local\Programs\Python\Python310\python.exe C:/Users/xajwo/Documents/CS1400/Houston-Annie-Assn2/task1.py ",,"PythonRunner",,"1663202814302","task1.py"
"o","15",,"
Process finished with exit code 0
",,"system","1663202833492",
"r","16","C:\Users\xajwo\AppData\Local\Programs\Python\Python310\python.exe C:/Users/xajwo/Documents/CS1400/Houston-Annie-Assn2/task1.py ",,"PythonRunner",,"1663202856722","task1.py"
"o","16",,"
Process finished with exit code 0
",,"system","1663202883535",
"r","17","C:\Users\xajwo\AppData\Local\Programs\Python\Python310\python.exe C:/Users/xajwo/Documents/CS1400/Houston-Annie-Assn2/task1.py ",,"PythonRunner",,"1663203009800","task1.py"
"o","17",,"
Process finished with exit code 0
",,"system","1663203037046",
"r","18","C:\Users\xajwo\AppData\Local\Programs\Python\Python310\python.exe C:/Users/xajwo/Documents/CS1400/Houston-Annie-Assn2/task1.py ",,"PythonRunner",,"1663203047821","task1.py"
"o","18",,"
Process finished with exit code 0
",,"system","1663203059954",
"r","19","C:\Users\xajwo\AppData\Local\Programs\Python\Python310\python.exe C:/Users/xajwo/Documents/CS1400/Houston-Annie-Assn2/task1.py ",,"PythonRunner",,"1663203066597","task1.py"
"o","19",,"
Process finished with exit code 0
",,"system","1663203076982",
"r","20","C:\Users\xajwo\AppData\Local\Programs\Python\Python310\python.exe C:/Users/xajwo/Documents/CS1400/Houston-Annie-Assn2/task1.py ",,"PythonRunner",,"1663203117722","task1.py"
"o","20",,"
Process finished with exit code 0
",,"system","1663203129944",
"r","21","C:\Users\xajwo\AppData\Local\Programs\Python\Python310\python.exe C:/Users/xajwo/Documents/CS1400/Houston-Annie-Assn2/task1.py ",,"PythonRunner",,"1663203209821","task1.py"
"o","21",,"
Process finished with exit code 0
",,"system","1663203222383",
"r","22","C:\Users\xajwo\AppData\Local\Programs\Python\Python310\python.exe C:/Users/xajwo/Documents/CS1400/Houston-Annie-Assn2/task1.py ",,"PythonRunner",,"1663203263632","task1.py"
"o","22",,"
Process finished with exit code 0
",,"system","1663203277587",
"r","23","C:\Users\xajwo\AppData\Local\Programs\Python\Python310\python.exe C:/Users/xajwo/Documents/CS1400/Houston-Annie-Assn2/task1.py ",,"PythonRunner",,"1663203320954","task1.py"
"o","23",,"
Process finished with exit code 0
",,"system","1663203339117",
"r","24","C:\Users\xajwo\AppData\Local\Programs\Python\Python310\python.exe C:/Users/xajwo/Documents/CS1400/Houston-Annie-Assn2/task1.py ",,"PythonRunner",,"1663203366122","task1.py"
"o","24",,"
Process finished with exit code 0
",,"system","1663203381556",
"r","25","C:\Users\xajwo\AppData\Local\Programs\Python\Python310\python.exe C:/Users/xajwo/Documents/CS1400/Houston-Annie-Assn2/task1.py ",,"PythonRunner",,"1663203570098","task1.py"
"o","25",,"
Process finished with exit code 0
",,"system","1663203595079",
"r","26","C:\Users\xajwo\AppData\Local\Programs\Python\Python310\python.exe C:/Users/xajwo/Documents/CS1400/Houston-Annie-Assn2/task1.py ",,"PythonRunner",,"1663203716177","task1.py"
"o","26",,"
Process finished with exit code 0
",,"system","1663203734797",
"r","27","C:\Users\xajwo\AppData\Local\Programs\Python\Python310\python.exe C:/Users/xajwo/Documents/CS1400/Houston-Annie-Assn2/task1.py ",,"PythonRunner",,"1663203886433","task1.py"
"o","27",,"
Process finished with exit code 0
",,"system","1663203912247",
"r","28","C:\Users\xajwo\AppData\Local\Programs\Python\Python310\python.exe C:/Users/xajwo/Documents/CS1400/Houston-Annie-Assn2/task1.py ",,"PythonRunner",,"1663203933485","task1.py"
"o","28",,"
Process finished with exit code 0
",,"system","1663203951430",
"r","29","C:\Users\xajwo\AppData\Local\Programs\Python\Python310\python.exe C:/Users/xajwo/Documents/CS1400/Houston-Annie-Assn2/task1.py ",,"PythonRunner",,"1663204013768","task1.py"
"o","29",,"
Process finished with exit code 0
",,"system","1663204030328",
"r","30","C:\Users\xajwo\AppData\Local\Programs\Python\Python310\python.exe C:/Users/xajwo/Documents/CS1400/Houston-Annie-Assn2/task1.py ",,"PythonRunner",,"1663204080703","task1.py"
"o","30",,"
Process finished with exit code 0
",,"system","1663204094993",
"r","31","C:\Users\xajwo\AppData\Local\Programs\Python\Python310\python.exe C:/Users/xajwo/Documents/CS1400/Houston-Annie-Assn2/task1.py ",,"PythonRunner",,"1663204120722","task1.py"
"o","31",,"
Process finished with exit code 0
",,"system","1663204145580",
"r","32","C:\Users\xajwo\AppData\Local\Programs\Python\Python310\python.exe C:/Users/xajwo/Documents/CS1400/Houston-Annie-Assn2/task1.py ",,"PythonRunner",,"1663204211705","task1.py"
"o","32",,"
Process finished with exit code 0
",,"system","1663204231762",
"r","33","C:\Users\xajwo\AppData\Local\Programs\Python\Python310\python.exe C:/Users/xajwo/Documents/CS1400/Houston-Annie-Assn2/task1.py ",,"PythonRunner",,"1663204310942","task1.py"
"o","33",,"
Process finished with exit code 0
",,"system","1663204341181",
"r","3","C:\Users\xajwo\AppData\Local\Programs\Python\Python310\python.exe C:/Users/xajwo/OneDrive/Documents/CS1400/Houston-Annie-Assn2/task1.py ",,"PythonRunner",,"1663347513670","task1.py"
"o","3",,"
Process finished with exit code 0
",,"system","1663347531986",
"r","4","C:\Users\xajwo\AppData\Local\Programs\Python\Python310\python.exe C:/Users/xajwo/OneDrive/Documents/CS1400/Houston-Annie-Assn2/task1.py ",,"PythonRunner",,"1663347592115","task1.py"
"o","4",,"
Process finished with exit code 0
",,"system","1663347611647",
"r","5","C:\Users\xajwo\AppData\Local\Programs\Python\Python310\python.exe C:/Users/xajwo/OneDrive/Documents/CS1400/Houston-Annie-Assn2/task1.py ",,"PythonRunner",,"1663347691590","task1.py"
"o","5",,"
Process finished with exit code -1
",,"system","1663347770288",
"r","6","C:\Users\xajwo\AppData\Local\Programs\Python\Python310\python.exe C:/Users/xajwo/OneDrive/Documents/CS1400/Houston-Annie-Assn2/task1.py ",,"PythonRunner",,"1663347770499","task1.py"
"o","6",,"
Process finished with exit code 0
",,"system","1663347804116",
"r","7","C:\Users\xajwo\AppData\Local\Programs\Python\Python310\python.exe C:/Users/xajwo/OneDrive/Documents/CS1400/Houston-Annie-Assn2/task1.py ",,"PythonRunner",,"1663347839570","task1.py"
"o","7",,"
Process finished with exit code 0
",,"system","1663347862198",
"r","8","C:\Users\xajwo\AppData\Local\Programs\Python\Python310\python.exe C:/Users/xajwo/OneDrive/Documents/CS1400/Houston-Annie-Assn2/task1.py ",,"PythonRunner",,"1663347887982","task1.py"
"o","8",,"
Process finished with exit code 0
",,"system","1663347907795",
"r","9","C:\Users\xajwo\AppData\Local\Programs\Python\Python310\python.exe C:/Users/xajwo/OneDrive/Documents/CS1400/Houston-Annie-Assn2/task1.py ",,"PythonRunner",,"1663347993244","task1.py"
"o","9",,"
Process finished with exit code 0
",,"system","1663348029600",
"r","10","C:\Users\xajwo\AppData\Local\Programs\Python\Python310\python.exe C:/Users/xajwo/OneDrive/Documents/CS1400/Houston-Annie-Assn2/task1.py ",,"PythonRunner",,"1663348076851","task1.py"
"o","10",,"
Process finished with exit code 0
",,"system","1663348098432",
"r","11","C:\Users\xajwo\AppData\Local\Programs\Python\Python310\python.exe C:/Users/xajwo/OneDrive/Documents/CS1400/Houston-Annie-Assn2/task1.py ",,"PythonRunner",,"1663348177870","task1.py"
"o","11",,"
Process finished with exit code 0
",,"system","1663348210101",
"r","12","C:\Users\xajwo\AppData\Local\Programs\Python\Python310\python.exe C:/Users/xajwo/OneDrive/Documents/CS1400/Houston-Annie-Assn2/task1.py ",,"PythonRunner",,"1663348231544","task1.py"
"o","12",,"
Process finished with exit code 0
",,"system","1663348307836",
"r","13","C:\Users\xajwo\AppData\Local\Programs\Python\Python310\python.exe C:/Users/xajwo/OneDrive/Documents/CS1400/Houston-Annie-Assn2/task1.py ",,"PythonRunner",,"1663348395258","task1.py"
"o","13",,"
Process finished with exit code 0
",,"system","1663348411724",
"r","14","C:\Users\xajwo\AppData\Local\Programs\Python\Python310\python.exe C:/Users/xajwo/OneDrive/Documents/CS1400/Houston-Annie-Assn2/task1.py ",,"PythonRunner",,"1663348470910","task1.py"
"o","14",,"
Process finished with exit code 0
",,"system","1663348491779",
"r","15","C:\Users\xajwo\AppData\Local\Programs\Python\Python310\python.exe C:/Users/xajwo/OneDrive/Documents/CS1400/Houston-Annie-Assn2/task1.py ",,"PythonRunner",,"1663348533660","task1.py"
"o","15",,"
Process finished with exit code 0
",,"system","1663348540954",
"r","16","C:\Users\xajwo\AppData\Local\Programs\Python\Python310\python.exe C:/Users/xajwo/OneDrive/Documents/CS1400/Houston-Annie-Assn2/task1.py ",,"PythonRunner",,"1663348669690","task1.py"
"o","16",,"
Process finished with exit code 0
",,"system","1663348684283",
"r","17","C:\Users\xajwo\AppData\Local\Programs\Python\Python310\python.exe C:/Users/xajwo/OneDrive/Documents/CS1400/Houston-Annie-Assn2/task1.py ",,"PythonRunner",,"1663348705163","task1.py"
"o","17",,"
Process finished with exit code 0
",,"system","1663348717053",
"r","18","C:\Users\xajwo\AppData\Local\Programs\Python\Python310\python.exe C:/Users/xajwo/OneDrive/Documents/CS1400/Houston-Annie-Assn2/task1.py ",,"PythonRunner",,"1663348844454","task1.py"
"o","18",,"
Process finished with exit code 0
",,"system","1663348859952",
"r","19","C:\Users\xajwo\AppData\Local\Programs\Python\Python310\python.exe C:/Users/xajwo/OneDrive/Documents/CS1400/Houston-Annie-Assn2/task1.py ",,"PythonRunner",,"1663348981348","task1.py"
"o","19",,"
Process finished with exit code 0
",,"system","1663349000135",
"r","20","C:\Users\xajwo\AppData\Local\Programs\Python\Python310\python.exe C:/Users/xajwo/OneDrive/Documents/CS1400/Houston-Annie-Assn2/task1.py ",,"PythonRunner",,"1663349111447","task1.py"
"o","20",,"
Process finished with exit code 0
",,"system","1663349129971",
"r","21","C:\Users\xajwo\AppData\Local\Programs\Python\Python310\python.exe C:/Users/xajwo/OneDrive/Documents/CS1400/Houston-Annie-Assn2/task1.py ",,"PythonRunner",,"1663349325139","task1.py"
"o","21",,"
Process finished with exit code 0
",,"system","1663349360254",
"r","22","C:\Users\xajwo\AppData\Local\Programs\Python\Python310\python.exe C:/Users/xajwo/OneDrive/Documents/CS1400/Houston-Annie-Assn2/task1.py ",,"PythonRunner",,"1663349388926","task1.py"
"o","22",,"
Process finished with exit code 0
",,"system","1663349399846",
"r","23","C:\Users\xajwo\AppData\Local\Programs\Python\Python310\python.exe C:/Users/xajwo/OneDrive/Documents/CS1400/Houston-Annie-Assn2/task1.py ",,"PythonRunner",,"1663349412994","task1.py"
"o","23",,"
Process finished with exit code 0
",,"system","1663349418257",
"r","24","C:\Users\xajwo\AppData\Local\Programs\Python\Python310\python.exe C:/Users/xajwo/OneDrive/Documents/CS1400/Houston-Annie-Assn2/task1.py ",,"PythonRunner",,"1663349440448","task1.py"
"o","24",,"
Process finished with exit code 0
",,"system","1663349451721",
"r","25","C:\Users\xajwo\AppData\Local\Programs\Python\Python310\python.exe C:/Users/xajwo/OneDrive/Documents/CS1400/Houston-Annie-Assn2/task1.py ",,"PythonRunner",,"1663349493721","task1.py"
"o","25",,"Traceback (most recent call last):
",,"stderr","1663349496370",
"o","25",,"  File ""C:\Users\xajwo\OneDrive\Documents\CS1400\Houston-Annie-Assn2\task1.py"", line 183, in <module>
",,"stderr","1663349496370",
"o","25",,"    turtle.penwidth(1)
",,"stderr","1663349496383",
"o","25",,"AttributeError: module 'turtle' has no attribute 'penwidth'
",,"stderr","1663349496383",
"o","25",,"
Process finished with exit code 1
",,"system","1663349496414",
"r","26","C:\Users\xajwo\AppData\Local\Programs\Python\Python310\python.exe C:/Users/xajwo/OneDrive/Documents/CS1400/Houston-Annie-Assn2/task1.py ",,"PythonRunner",,"1663349517579","task1.py"
"o","26",,"
Process finished with exit code 0
",,"system","1663349531995",
"r","27","C:\Users\xajwo\AppData\Local\Programs\Python\Python310\python.exe C:/Users/xajwo/OneDrive/Documents/CS1400/Houston-Annie-Assn2/task1.py ",,"PythonRunner",,"1663349549017","task1.py"
"o","27",,"
Process finished with exit code 0
",,"system","1663349559569",
"r","28","C:\Users\xajwo\AppData\Local\Programs\Python\Python310\python.exe C:/Users/xajwo/OneDrive/Documents/CS1400/Houston-Annie-Assn2/task1.py ",,"PythonRunner",,"1663350108974","task1.py"
"o","28",,"
Process finished with exit code 0
",,"system","1663350121806",
"r","29","C:\Users\xajwo\AppData\Local\Programs\Python\Python310\python.exe C:/Users/xajwo/OneDrive/Documents/CS1400/Houston-Annie-Assn2/task1.py ",,"PythonRunner",,"1663350376602","task1.py"
"o","29",,"
Process finished with exit code 0
",,"system","1663350389936",
"r","30","C:\Users\xajwo\AppData\Local\Programs\Python\Python310\python.exe C:/Users/xajwo/OneDrive/Documents/CS1400/Houston-Annie-Assn2/task1.py ",,"PythonRunner",,"1663350429840","task1.py"
"o","30",,"
Process finished with exit code 0
",,"system","1663350438277",
"r","31","C:\Users\xajwo\AppData\Local\Programs\Python\Python310\python.exe C:/Users/xajwo/OneDrive/Documents/CS1400/Houston-Annie-Assn2/task1.py ",,"PythonRunner",,"1663350450225","task1.py"
"o","31",,"
Process finished with exit code 0
",,"system","1663350461092",
"r","32","C:\Users\xajwo\AppData\Local\Programs\Python\Python310\python.exe C:/Users/xajwo/OneDrive/Documents/CS1400/Houston-Annie-Assn2/task1.py ",,"PythonRunner",,"1663350474654","task1.py"
"o","32",,"
Process finished with exit code 0
",,"system","1663350482819",
"r","33","C:\Users\xajwo\AppData\Local\Programs\Python\Python310\python.exe C:/Users/xajwo/OneDrive/Documents/CS1400/Houston-Annie-Assn2/task1.py ",,"PythonRunner",,"1663350492899","task1.py"
"o","33",,"
Process finished with exit code 0
",,"system","1663350500990",
"r","34","C:\Users\xajwo\AppData\Local\Programs\Python\Python310\python.exe C:/Users/xajwo/OneDrive/Documents/CS1400/Houston-Annie-Assn2/task1.py ",,"PythonRunner",,"1663350508122","task1.py"
"o","34",,"
Process finished with exit code 0
",,"system","1663350512751",
"r","35","C:\Users\xajwo\AppData\Local\Programs\Python\Python310\python.exe C:/Users/xajwo/OneDrive/Documents/CS1400/Houston-Annie-Assn2/task1.py ",,"PythonRunner",,"1663350518343","task1.py"
"o","35",,"
Process finished with exit code 0
",,"system","1663350531717",
"r","36","C:\Users\xajwo\AppData\Local\Programs\Python\Python310\python.exe C:/Users/xajwo/OneDrive/Documents/CS1400/Houston-Annie-Assn2/task1.py ",,"PythonRunner",,"1663350606297","task1.py"
"o","36",,"Traceback (most recent call last):
",,"stderr","1663350727283",
"o","36",,"  File ""C:\Users\xajwo\OneDrive\Documents\CS1400\Houston-Annie-Assn2\task1.py"", line 187, in <module>
",,"stderr","1663350727283",
"o","36",,"    turtle.done()
",,"stderr","1663350731634",
"o","36",,"  File ""<string>"", line 8, in mainloop
",,"stderr","1663350731634",
"o","36",,"  File ""C:\Users\xajwo\AppData\Local\Programs\Python\Python310\lib\turtle.py"", line 812, in mainloop
",,"stderr","1663350731636",
"o","36",,"    self.cv.tk.mainloop()
",,"stderr","1663350731642",
"o","36",,"KeyboardInterrupt
",,"stderr","1663350731642",
"o","36",,"
Process finished with exit code -1073741510 (0xC000013A: interrupted by Ctrl+C)
",,"system","1663350731663",
"r","37","C:\Users\xajwo\AppData\Local\Programs\Python\Python310\python.exe C:/Users/xajwo/OneDrive/Documents/CS1400/Houston-Annie-Assn2/task1.py ",,"PythonRunner",,"1663350731830","task1.py"
"o","37",,"
Process finished with exit code 0
",,"system","1663350742716",
"r","38","C:\Users\xajwo\AppData\Local\Programs\Python\Python310\python.exe C:/Users/xajwo/OneDrive/Documents/CS1400/Houston-Annie-Assn2/task1.py ",,"PythonRunner",,"1663350825204","task1.py"
"o","38",,"
Process finished with exit code 0
",,"system","1663350833264",
"r","39","C:\Users\xajwo\AppData\Local\Programs\Python\Python310\python.exe C:/Users/xajwo/OneDrive/Documents/CS1400/Houston-Annie-Assn2/task1.py ",,"PythonRunner",,"1663350873461","task1.py"
"o","39",,"
Process finished with exit code 0
",,"system","1663350890163",
"r","40","C:\Users\xajwo\AppData\Local\Programs\Python\Python310\python.exe C:/Users/xajwo/OneDrive/Documents/CS1400/Houston-Annie-Assn2/task1.py ",,"PythonRunner",,"1663350918777","task1.py"
"o","40",,"
Process finished with exit code 0
",,"system","1663350947175",
"r","41","C:\Users\xajwo\AppData\Local\Programs\Python\Python310\python.exe C:/Users/xajwo/OneDrive/Documents/CS1400/Houston-Annie-Assn2/task1.py ",,"PythonRunner",,"1663351135281","task1.py"
"o","41",,"
Process finished with exit code 0
",,"system","1663351290428",
"r","42","C:\Users\xajwo\AppData\Local\Programs\Python\Python310\python.exe C:/Users/xajwo/OneDrive/Documents/CS1400/Houston-Annie-Assn2/task1.py ",,"PythonRunner",,"1663351332748","task1.py"
"o","42",,"
Process finished with exit code 0
",,"system","1663351341688",
"r","43","C:\Users\xajwo\AppData\Local\Programs\Python\Python310\python.exe C:/Users/xajwo/OneDrive/Documents/CS1400/Houston-Annie-Assn2/task1.py ",,"PythonRunner",,"1663351350344","task1.py"
"o","43",,"
Process finished with exit code 0
",,"system","1663351367743",
"r","44","C:\Users\xajwo\AppData\Local\Programs\Python\Python310\python.exe C:/Users/xajwo/OneDrive/Documents/CS1400/Houston-Annie-Assn2/task1.py ",,"PythonRunner",,"1663351373943","task1.py"
"o","44",,"
Process finished with exit code 0
",,"system","1663351403668",
"r","45","C:\Users\xajwo\AppData\Local\Programs\Python\Python310\python.exe C:/Users/xajwo/OneDrive/Documents/CS1400/Houston-Annie-Assn2/task1.py ",,"PythonRunner",,"1663351434523","task1.py"
"o","45",,"
Process finished with exit code 0
",,"system","1663351439926",
"r","46","C:\Users\xajwo\AppData\Local\Programs\Python\Python310\python.exe C:/Users/xajwo/OneDrive/Documents/CS1400/Houston-Annie-Assn2/task1.py ",,"PythonRunner",,"1663351451404","task1.py"
"o","46",,"
Process finished with exit code 0
",,"system","1663351461568",
"r","3","C:\Users\xajwo\AppData\Local\Programs\Python\Python310\python.exe C:/Users/xajwo/OneDrive/Documents/CS1400/Houston-Annie-Assn2/task1.py ",,"PythonRunner",,"1663351500590","task1.py"
"o","3",,"
Process finished with exit code 0
",,"system","1663351515719",
"r","3","C:\Users\xajwo\AppData\Local\Programs\Python\Python310\python.exe C:/Users/xajwo/OneDrive/Documents/CS1400/Houston-Annie-Assn2/task1.py ",,"PythonRunner",,"1663351632501","task1.py"
"o","3",,"
Process finished with exit code 0
",,"system","1663351653033",
"r","3","C:\Users\xajwo\AppData\Local\Programs\Python\Python310\python.exe C:/Users/xajwo/OneDrive/Documents/CS1400/Houston-Annie-Assn2/task1.py ",,"PythonRunner",,"1664767318176","task1.py"
"o","3",,"
Process finished with exit code 0
",,"system","1664767338086",
